2026-02-26 21:24:25 | INFO | === Starting Qualifications Phase === 
2026-02-26 21:24:25 | INFO | Starting RandomizedSearch for LogisticRegression...
2026-02-26 21:24:25 | INFO | Fitting LogisticRegression on training set

2026-02-26 21:36:35 | INFO | Predicting with LogisticRegression on training set to get training metrics

2026-02-26 21:36:35 | INFO | Plotting CM and CR for LogisticRegression

2026-02-26 21:36:37 | INFO | Logging LogisticRegression search results for phase: qualifications
2026-02-26 21:36:39 | ERROR | LogisticRegression failed during training in the qualifications phase
2026-02-26 21:36:39 | ERROR | Traceback (most recent call last):
  File "C:\Users\Ahmed\AppData\Local\Temp\ipykernel_20084\16799167.py", line 43, in <module>
    mll.log_search_runs(
  File "m:\Work\ITI\Courses\15. Supervised Machine Learning\Final Project\Hand-Gesture-Classification\mlflow_logging.py", line 58, in log_search_runs
    dataset = mlflow.data.from_pandas(X_train, targets=y_train, name=f"{model_name}_Train")
              ^^^^^^^^^^^^^^^^^^^^^^^^^^^^^^^^^^^^^^^^^^^^^^^^^^^^^^^^^^^^^^^^^^^^^^^^^^^^^
  File "m:\Work\ITI\Courses\15. Supervised Machine Learning\Final Project\Hand-Gesture-Classification\hand_gesture_venv\Lib\site-packages\mlflow\data\pandas_dataset.py", line 224, in from_pandas
    return PandasDataset(
           ^^^^^^^^^^^^^^
  File "m:\Work\ITI\Courses\15. Supervised Machine Learning\Final Project\Hand-Gesture-Classification\hand_gesture_venv\Lib\site-packages\mlflow\data\pandas_dataset.py", line 48, in __init__
    if targets is not None and targets not in df.columns:
                                              ^^^^^^^^^^
AttributeError: 'numpy.ndarray' object has no attribute 'columns'

2026-02-26 21:36:39 | INFO | Starting RandomizedSearch for RandomForest...
2026-02-26 21:36:39 | INFO | Fitting RandomForest on training set

2026-02-26 21:36:55 | INFO | Predicting with RandomForest on training set to get training metrics

2026-02-26 21:36:55 | INFO | Plotting CM and CR for RandomForest

2026-02-26 21:36:58 | INFO | Logging RandomForest search results for phase: qualifications
2026-02-26 21:37:00 | ERROR | RandomForest failed during training in the qualifications phase
2026-02-26 21:37:00 | ERROR | Traceback (most recent call last):
  File "C:\Users\Ahmed\AppData\Local\Temp\ipykernel_20084\16799167.py", line 43, in <module>
    mll.log_search_runs(
  File "m:\Work\ITI\Courses\15. Supervised Machine Learning\Final Project\Hand-Gesture-Classification\mlflow_logging.py", line 58, in log_search_runs
    dataset = mlflow.data.from_pandas(X_train, targets=y_train, name=f"{model_name}_Train")
              ^^^^^^^^^^^^^^^^^^^^^^^^^^^^^^^^^^^^^^^^^^^^^^^^^^^^^^^^^^^^^^^^^^^^^^^^^^^^^
  File "m:\Work\ITI\Courses\15. Supervised Machine Learning\Final Project\Hand-Gesture-Classification\hand_gesture_venv\Lib\site-packages\mlflow\data\pandas_dataset.py", line 224, in from_pandas
    return PandasDataset(
           ^^^^^^^^^^^^^^
  File "m:\Work\ITI\Courses\15. Supervised Machine Learning\Final Project\Hand-Gesture-Classification\hand_gesture_venv\Lib\site-packages\mlflow\data\pandas_dataset.py", line 48, in __init__
    if targets is not None and targets not in df.columns:
                                              ^^^^^^^^^^
AttributeError: 'numpy.ndarray' object has no attribute 'columns'

2026-02-26 21:37:00 | INFO | Starting RandomizedSearch for XGBoost...
2026-02-26 21:37:00 | INFO | Fitting XGBoost on training set

2026-02-26 21:38:35 | INFO | Predicting with XGBoost on training set to get training metrics

2026-02-26 21:38:35 | INFO | Plotting CM and CR for XGBoost

2026-02-26 21:38:37 | INFO | Logging XGBoost search results for phase: qualifications
2026-02-26 21:38:39 | ERROR | XGBoost failed during training in the qualifications phase
2026-02-26 21:38:39 | ERROR | Traceback (most recent call last):
  File "C:\Users\Ahmed\AppData\Local\Temp\ipykernel_20084\16799167.py", line 43, in <module>
    mll.log_search_runs(
  File "m:\Work\ITI\Courses\15. Supervised Machine Learning\Final Project\Hand-Gesture-Classification\mlflow_logging.py", line 58, in log_search_runs
    dataset = mlflow.data.from_pandas(X_train, targets=y_train, name=f"{model_name}_Train")
              ^^^^^^^^^^^^^^^^^^^^^^^^^^^^^^^^^^^^^^^^^^^^^^^^^^^^^^^^^^^^^^^^^^^^^^^^^^^^^
  File "m:\Work\ITI\Courses\15. Supervised Machine Learning\Final Project\Hand-Gesture-Classification\hand_gesture_venv\Lib\site-packages\mlflow\data\pandas_dataset.py", line 224, in from_pandas
    return PandasDataset(
           ^^^^^^^^^^^^^^
  File "m:\Work\ITI\Courses\15. Supervised Machine Learning\Final Project\Hand-Gesture-Classification\hand_gesture_venv\Lib\site-packages\mlflow\data\pandas_dataset.py", line 48, in __init__
    if targets is not None and targets not in df.columns:
                                              ^^^^^^^^^^
AttributeError: 'numpy.ndarray' object has no attribute 'columns'

2026-02-26 21:38:39 | INFO | Starting RandomizedSearch for LightGBM...
2026-02-26 21:38:39 | INFO | Fitting LightGBM on training set

2026-02-26 21:39:17 | INFO | Predicting with LightGBM on training set to get training metrics

2026-02-26 21:39:17 | INFO | Plotting CM and CR for LightGBM

2026-02-26 21:39:19 | INFO | Logging LightGBM search results for phase: qualifications
2026-02-26 21:39:21 | ERROR | LightGBM failed during training in the qualifications phase
2026-02-26 21:39:21 | ERROR | Traceback (most recent call last):
  File "C:\Users\Ahmed\AppData\Local\Temp\ipykernel_20084\16799167.py", line 43, in <module>
    mll.log_search_runs(
  File "m:\Work\ITI\Courses\15. Supervised Machine Learning\Final Project\Hand-Gesture-Classification\mlflow_logging.py", line 58, in log_search_runs
    dataset = mlflow.data.from_pandas(X_train, targets=y_train, name=f"{model_name}_Train")
              ^^^^^^^^^^^^^^^^^^^^^^^^^^^^^^^^^^^^^^^^^^^^^^^^^^^^^^^^^^^^^^^^^^^^^^^^^^^^^
  File "m:\Work\ITI\Courses\15. Supervised Machine Learning\Final Project\Hand-Gesture-Classification\hand_gesture_venv\Lib\site-packages\mlflow\data\pandas_dataset.py", line 224, in from_pandas
    return PandasDataset(
           ^^^^^^^^^^^^^^
  File "m:\Work\ITI\Courses\15. Supervised Machine Learning\Final Project\Hand-Gesture-Classification\hand_gesture_venv\Lib\site-packages\mlflow\data\pandas_dataset.py", line 48, in __init__
    if targets is not None and targets not in df.columns:
                                              ^^^^^^^^^^
AttributeError: 'numpy.ndarray' object has no attribute 'columns'

2026-02-26 21:52:39 | INFO | === Starting Qualifications Phase === 
2026-02-26 21:52:39 | INFO | Starting RandomizedSearch for LogisticRegression...
2026-02-26 21:52:39 | INFO | Fitting LogisticRegression on training set

2026-02-26 22:04:19 | INFO | Predicting with LogisticRegression on training set to get training metrics

2026-02-26 22:04:19 | INFO | Plotting CM and CR for LogisticRegression

2026-02-26 22:04:21 | INFO | Logging LogisticRegression search results for phase: qualifications
2026-02-26 22:04:23 | ERROR | LogisticRegression failed during training in the qualifications phase
2026-02-26 22:04:23 | ERROR | Traceback (most recent call last):
  File "C:\Users\Ahmed\AppData\Local\Temp\ipykernel_23864\913313065.py", line 43, in <module>
    mll.log_search_runs(
  File "m:\Work\ITI\Courses\15. Supervised Machine Learning\Final Project\Hand-Gesture-Classification\mlflow_logging.py", line 60, in log_search_runs
    dataset = mlflow.data.from_pandas(X_train, targets="target", name=f"{model_name}_Train")
              ^^^^^^^^^^^^^^^^^^^^^^^^^^^^^^^^^^^^^^^^^^^^^^^^^^^^^^^^^^^^^^^^^^^^^^^^^^^^^^
  File "m:\Work\ITI\Courses\15. Supervised Machine Learning\Final Project\Hand-Gesture-Classification\hand_gesture_venv\Lib\site-packages\mlflow\data\pandas_dataset.py", line 224, in from_pandas
    return PandasDataset(
           ^^^^^^^^^^^^^^
  File "m:\Work\ITI\Courses\15. Supervised Machine Learning\Final Project\Hand-Gesture-Classification\hand_gesture_venv\Lib\site-packages\mlflow\data\pandas_dataset.py", line 49, in __init__
    raise MlflowException(
mlflow.exceptions.MlflowException: The specified pandas DataFrame does not contain the specified targets column 'target'.

2026-02-26 22:04:23 | INFO | Starting RandomizedSearch for RandomForest...
2026-02-26 22:04:23 | INFO | Fitting RandomForest on training set

2026-02-26 22:04:40 | INFO | Predicting with RandomForest on training set to get training metrics

2026-02-26 22:04:40 | INFO | Plotting CM and CR for RandomForest

2026-02-26 22:04:42 | INFO | Logging RandomForest search results for phase: qualifications
2026-02-26 22:04:44 | ERROR | RandomForest failed during training in the qualifications phase
2026-02-26 22:04:44 | ERROR | Traceback (most recent call last):
  File "C:\Users\Ahmed\AppData\Local\Temp\ipykernel_23864\913313065.py", line 43, in <module>
    mll.log_search_runs(
  File "m:\Work\ITI\Courses\15. Supervised Machine Learning\Final Project\Hand-Gesture-Classification\mlflow_logging.py", line 60, in log_search_runs
    dataset = mlflow.data.from_pandas(X_train, targets="target", name=f"{model_name}_Train")
              ^^^^^^^^^^^^^^^^^^^^^^^^^^^^^^^^^^^^^^^^^^^^^^^^^^^^^^^^^^^^^^^^^^^^^^^^^^^^^^
  File "m:\Work\ITI\Courses\15. Supervised Machine Learning\Final Project\Hand-Gesture-Classification\hand_gesture_venv\Lib\site-packages\mlflow\data\pandas_dataset.py", line 224, in from_pandas
    return PandasDataset(
           ^^^^^^^^^^^^^^
  File "m:\Work\ITI\Courses\15. Supervised Machine Learning\Final Project\Hand-Gesture-Classification\hand_gesture_venv\Lib\site-packages\mlflow\data\pandas_dataset.py", line 49, in __init__
    raise MlflowException(
mlflow.exceptions.MlflowException: The specified pandas DataFrame does not contain the specified targets column 'target'.

2026-02-26 22:04:44 | INFO | Starting RandomizedSearch for XGBoost...
2026-02-26 22:04:44 | INFO | Fitting XGBoost on training set

2026-02-26 22:06:14 | INFO | Predicting with XGBoost on training set to get training metrics

2026-02-26 22:06:15 | INFO | Plotting CM and CR for XGBoost

2026-02-26 22:06:16 | INFO | Logging XGBoost search results for phase: qualifications
2026-02-26 22:06:18 | ERROR | XGBoost failed during training in the qualifications phase
2026-02-26 22:06:18 | ERROR | Traceback (most recent call last):
  File "C:\Users\Ahmed\AppData\Local\Temp\ipykernel_23864\913313065.py", line 43, in <module>
    mll.log_search_runs(
  File "m:\Work\ITI\Courses\15. Supervised Machine Learning\Final Project\Hand-Gesture-Classification\mlflow_logging.py", line 60, in log_search_runs
    dataset = mlflow.data.from_pandas(X_train, targets="target", name=f"{model_name}_Train")
              ^^^^^^^^^^^^^^^^^^^^^^^^^^^^^^^^^^^^^^^^^^^^^^^^^^^^^^^^^^^^^^^^^^^^^^^^^^^^^^
  File "m:\Work\ITI\Courses\15. Supervised Machine Learning\Final Project\Hand-Gesture-Classification\hand_gesture_venv\Lib\site-packages\mlflow\data\pandas_dataset.py", line 224, in from_pandas
    return PandasDataset(
           ^^^^^^^^^^^^^^
  File "m:\Work\ITI\Courses\15. Supervised Machine Learning\Final Project\Hand-Gesture-Classification\hand_gesture_venv\Lib\site-packages\mlflow\data\pandas_dataset.py", line 49, in __init__
    raise MlflowException(
mlflow.exceptions.MlflowException: The specified pandas DataFrame does not contain the specified targets column 'target'.

2026-02-26 22:06:18 | INFO | Starting RandomizedSearch for LightGBM...
2026-02-26 22:06:18 | INFO | Fitting LightGBM on training set

2026-02-26 22:07:03 | INFO | Predicting with LightGBM on training set to get training metrics

2026-02-26 22:07:03 | INFO | Plotting CM and CR for LightGBM

2026-02-26 22:07:05 | INFO | Logging LightGBM search results for phase: qualifications
2026-02-26 22:07:07 | ERROR | LightGBM failed during training in the qualifications phase
2026-02-26 22:07:07 | ERROR | Traceback (most recent call last):
  File "C:\Users\Ahmed\AppData\Local\Temp\ipykernel_23864\913313065.py", line 43, in <module>
    mll.log_search_runs(
  File "m:\Work\ITI\Courses\15. Supervised Machine Learning\Final Project\Hand-Gesture-Classification\mlflow_logging.py", line 60, in log_search_runs
    dataset = mlflow.data.from_pandas(X_train, targets="target", name=f"{model_name}_Train")
              ^^^^^^^^^^^^^^^^^^^^^^^^^^^^^^^^^^^^^^^^^^^^^^^^^^^^^^^^^^^^^^^^^^^^^^^^^^^^^^
  File "m:\Work\ITI\Courses\15. Supervised Machine Learning\Final Project\Hand-Gesture-Classification\hand_gesture_venv\Lib\site-packages\mlflow\data\pandas_dataset.py", line 224, in from_pandas
    return PandasDataset(
           ^^^^^^^^^^^^^^
  File "m:\Work\ITI\Courses\15. Supervised Machine Learning\Final Project\Hand-Gesture-Classification\hand_gesture_venv\Lib\site-packages\mlflow\data\pandas_dataset.py", line 49, in __init__
    raise MlflowException(
mlflow.exceptions.MlflowException: The specified pandas DataFrame does not contain the specified targets column 'target'.

2026-02-26 22:11:34 | INFO | === Starting Qualifications Phase === 
2026-02-26 22:11:34 | INFO | Starting RandomizedSearch for LogisticRegression...
2026-02-26 22:11:34 | INFO | Fitting LogisticRegression on training set

2026-02-26 22:12:03 | INFO | Predicting with LogisticRegression on training set to get training metrics

2026-02-26 22:12:03 | INFO | Plotting CM and CR for LogisticRegression

2026-02-26 22:12:05 | INFO | Logging LogisticRegression search results for phase: qualifications
2026-02-26 22:12:52 | INFO | Logging 3 child runs for LogisticRegression...
2026-02-26 22:12:52 | INFO | Finished LogisticRegression. Best F1-Macro CV Score: 0.9519

2026-02-26 22:12:52 | INFO | Starting RandomizedSearch for RandomForest...
2026-02-26 22:12:52 | INFO | Fitting RandomForest on training set

2026-02-26 22:13:10 | INFO | Predicting with RandomForest on training set to get training metrics

2026-02-26 22:13:10 | INFO | Plotting CM and CR for RandomForest

2026-02-26 22:13:12 | INFO | Logging RandomForest search results for phase: qualifications
2026-02-26 22:19:58 | INFO | === Starting Qualifications Phase === 
2026-02-26 22:19:58 | INFO | Starting RandomizedSearch for LogisticRegression...
2026-02-26 22:19:58 | INFO | Fitting LogisticRegression on training set

2026-02-26 22:20:26 | INFO | Predicting with LogisticRegression on training set to get training metrics

2026-02-26 22:20:26 | INFO | Plotting CM and CR for LogisticRegression

2026-02-26 22:20:27 | INFO | Logging LogisticRegression search results for phase: qualifications
2026-02-26 22:20:36 | INFO | Logging 3 child runs for LogisticRegression...
2026-02-26 22:20:36 | INFO | Finished LogisticRegression. Best F1-Macro CV Score: 0.9519

2026-02-26 22:20:36 | INFO | Starting RandomizedSearch for RandomForest...
2026-02-26 22:20:36 | INFO | Fitting RandomForest on training set

2026-02-26 22:20:53 | INFO | Predicting with RandomForest on training set to get training metrics

2026-02-26 22:20:53 | INFO | Plotting CM and CR for RandomForest

2026-02-26 22:20:54 | INFO | Logging RandomForest search results for phase: qualifications
2026-02-26 22:21:06 | INFO | Logging 3 child runs for RandomForest...
2026-02-26 22:21:06 | INFO | Finished RandomForest. Best F1-Macro CV Score: 0.9681

2026-02-26 22:21:06 | INFO | Starting RandomizedSearch for XGBoost...
2026-02-26 22:21:06 | INFO | Fitting XGBoost on training set

2026-02-26 22:22:29 | INFO | Predicting with XGBoost on training set to get training metrics

2026-02-26 22:22:29 | INFO | Plotting CM and CR for XGBoost

2026-02-26 22:22:31 | INFO | Logging XGBoost search results for phase: qualifications
2026-02-26 22:22:39 | INFO | Logging 3 child runs for XGBoost...
2026-02-26 22:22:39 | INFO | Finished XGBoost. Best F1-Macro CV Score: 0.9776

2026-02-26 22:22:39 | INFO | Starting RandomizedSearch for LightGBM...
2026-02-26 22:22:39 | INFO | Fitting LightGBM on training set

2026-02-26 22:23:08 | INFO | Predicting with LightGBM on training set to get training metrics

2026-02-26 22:23:09 | INFO | Plotting CM and CR for LightGBM

2026-02-26 22:23:10 | INFO | Logging LightGBM search results for phase: qualifications
2026-02-26 22:23:19 | INFO | Logging 3 child runs for LightGBM...
2026-02-26 22:23:19 | INFO | Finished LightGBM. Best F1-Macro CV Score: 0.9809

2026-02-26 22:43:04 | INFO | === Starting Qualifications Phase === 
2026-02-26 22:43:04 | INFO | Starting RandomizedSearch with validation set for LogisticRegression...
2026-02-26 22:43:04 | INFO | Fitting LogisticRegression on training set

2026-02-26 22:43:26 | INFO | Predicting with LogisticRegression on training set to get training metrics

2026-02-26 22:43:26 | INFO | Predicting with LogisticRegression on validation set to get validation metrics

2026-02-26 22:43:26 | INFO | Plotting CM and CR for LogisticRegression on Training Set

2026-02-26 22:43:27 | INFO | Plotting CM and CR for LogisticRegression on Validation Set

2026-02-26 22:43:29 | INFO | Logging LogisticRegression search results for phase: qualifications
2026-02-26 22:45:25 | INFO | === Starting Qualifications Phase === 
2026-02-26 22:45:25 | INFO | Starting RandomizedSearch with validation set for LogisticRegression...
2026-02-26 22:45:25 | INFO | Fitting LogisticRegression on training set

2026-02-26 22:45:45 | INFO | Predicting with LogisticRegression on training set to get training metrics

2026-02-26 22:45:45 | INFO | Predicting with LogisticRegression on validation set to get validation metrics

2026-02-26 22:45:45 | INFO | Plotting CM and CR for LogisticRegression on Training Set

2026-02-26 22:45:46 | INFO | Plotting CM and CR for LogisticRegression on Validation Set

2026-02-26 22:45:48 | INFO | Logging LogisticRegression search results for phase: qualifications
2026-02-26 22:45:56 | INFO | Logging 3 child runs for LogisticRegression...
2026-02-26 22:45:56 | INFO | Finished LogisticRegression. Best F1-Macro CV Score: 0.9481

2026-02-26 22:45:56 | INFO | Starting RandomizedSearch with validation set for RandomForest...
2026-02-26 22:45:56 | INFO | Fitting RandomForest on training set

2026-02-26 22:46:09 | INFO | Predicting with RandomForest on training set to get training metrics

2026-02-26 22:46:09 | INFO | Predicting with RandomForest on validation set to get validation metrics

2026-02-26 22:46:09 | INFO | Plotting CM and CR for RandomForest on Training Set

2026-02-26 22:46:10 | INFO | Plotting CM and CR for RandomForest on Validation Set

2026-02-26 22:46:12 | INFO | Logging RandomForest search results for phase: qualifications
2026-02-26 22:46:20 | INFO | Logging 3 child runs for RandomForest...
2026-02-26 22:46:21 | INFO | Finished RandomForest. Best F1-Macro CV Score: 0.9652

2026-02-26 22:46:21 | INFO | Starting RandomizedSearch with validation set for XGBoost...
2026-02-26 22:46:21 | INFO | Fitting XGBoost on training set

2026-02-26 22:47:35 | INFO | Predicting with XGBoost on training set to get training metrics

2026-02-26 22:47:35 | INFO | Predicting with XGBoost on validation set to get validation metrics

2026-02-26 22:47:35 | INFO | Plotting CM and CR for XGBoost on Training Set

2026-02-26 22:47:37 | INFO | Plotting CM and CR for XGBoost on Validation Set

2026-02-26 22:47:38 | INFO | Logging XGBoost search results for phase: qualifications
2026-02-26 22:47:46 | INFO | Logging 3 child runs for XGBoost...
2026-02-26 22:47:46 | INFO | Finished XGBoost. Best F1-Macro CV Score: 0.9759

2026-02-26 22:47:46 | INFO | Starting RandomizedSearch with validation set for LightGBM...
2026-02-26 22:47:46 | INFO | Fitting LightGBM on training set

2026-02-26 22:48:14 | INFO | Predicting with LightGBM on training set to get training metrics

2026-02-26 22:48:14 | INFO | Predicting with LightGBM on validation set to get validation metrics

2026-02-26 22:48:14 | INFO | Plotting CM and CR for LightGBM on Training Set

2026-02-26 22:48:16 | INFO | Plotting CM and CR for LightGBM on Validation Set

2026-02-26 22:48:18 | INFO | Logging LightGBM search results for phase: qualifications
2026-02-26 22:48:26 | INFO | Logging 3 child runs for LightGBM...
2026-02-26 22:48:26 | INFO | Finished LightGBM. Best F1-Macro CV Score: 0.9794

2026-02-26 23:23:55 | INFO | === Starting Fine-Tuning Phase (Grid Search) === 
2026-02-26 23:23:55 | INFO | Starting GridSearchCV with validation set for XGBoost...
2026-02-26 23:23:55 | ERROR | XGBoost failed during training in the finals phase
2026-02-26 23:23:55 | ERROR | Traceback (most recent call last):
  File "C:\Users\Ahmed\AppData\Local\Temp\ipykernel_11868\43820903.py", line 16, in <module>
    cv=cv,
       ^^
NameError: name 'cv' is not defined

2026-02-26 23:23:55 | INFO | Starting GridSearchCV with validation set for LightGBM...
2026-02-26 23:23:55 | ERROR | LightGBM failed during training in the finals phase
2026-02-26 23:23:55 | ERROR | Traceback (most recent call last):
  File "C:\Users\Ahmed\AppData\Local\Temp\ipykernel_11868\43820903.py", line 16, in <module>
    cv=cv,
       ^^
NameError: name 'cv' is not defined

2026-02-26 23:23:55 | INFO | Finals Phase has been ended successfully!
2026-02-26 23:24:34 | INFO | === Starting Fine-Tuning Phase (Grid Search) === 
2026-02-26 23:24:34 | INFO | Starting GridSearchCV with validation set for XGBoost...
2026-02-26 23:24:34 | INFO | Fitting XGBoost on training set

2026-02-27 00:30:30 | INFO | Predicting with XGBoost on training set to get training metrics

2026-02-27 00:30:30 | INFO | Predicting with XGBoost on validation set to get validation metrics

2026-02-27 00:30:30 | INFO | Plotting CM and CR for XGBoost on Training Set

2026-02-27 00:30:31 | INFO | Plotting CM and CR for XGBoost on Validation Set

2026-02-27 00:30:33 | INFO | Logging XGBoost search results for phase: finals
2026-02-27 00:30:42 | INFO | Logging 192 child runs for XGBoost...
2026-02-27 00:31:03 | INFO | Finished XGBoost. Best F1-Macro CV Score: 0.9792

2026-02-27 00:31:03 | INFO | Starting GridSearchCV with validation set for LightGBM...
2026-02-27 00:31:03 | INFO | Fitting LightGBM on training set

2026-02-27 01:35:05 | INFO | Predicting with LightGBM on training set to get training metrics

2026-02-27 01:35:06 | INFO | Predicting with LightGBM on validation set to get validation metrics

2026-02-27 01:35:06 | INFO | Plotting CM and CR for LightGBM on Training Set

2026-02-27 01:35:07 | INFO | Plotting CM and CR for LightGBM on Validation Set

2026-02-27 01:35:08 | INFO | Logging LightGBM search results for phase: finals
2026-02-27 01:35:17 | INFO | Logging 288 child runs for LightGBM...
2026-02-27 01:35:47 | INFO | Finished LightGBM. Best F1-Macro CV Score: 0.9802

2026-02-27 01:35:47 | INFO | Finals Phase has been ended successfully!
2026-02-27 05:15:48 | INFO | === Starting Last Model Standing Phase === 
2026-02-27 05:15:48 | INFO | ===== Final Training (Last Model Standing Phase): XGBoost =====
2026-02-27 05:15:48 | INFO | Fitting XGBoost on concatenated training set

2026-02-27 05:16:04 | INFO | Predicting with XGBoost on testing set to get testing metrics

2026-02-27 05:16:04 | INFO | XGBoost Test F1-Macro: 0.9814
2026-02-27 05:16:04 | INFO | Plotting CM and CR for XGBoost on Testing Set

2026-02-27 05:16:06 | INFO | Logging final run for XGBoost
2026-02-27 05:16:08 | ERROR | XGBoost failed during training in the last model stadning phase
2026-02-27 05:16:08 | ERROR | Traceback (most recent call last):
  File "C:\Users\Ahmed\AppData\Local\Temp\ipykernel_11868\2892377824.py", line 54, in <module>
    mll.log_final_run(
  File "m:\Work\ITI\Courses\15. Supervised Machine Learning\Final Project\Hand-Gesture-Classification\mlflow_logging.py", line 115, in log_final_run
    dataset = mlflow.data.from_pandas(test_df, targets="target", name=f"{model_name}_Test")
              ^^^^^^^^^^^^^^^^^^^^^^^^^^^^^^^^^^^^^^^^^^^^^^^^^^^^^^^^^^^^^^^^^^^^^^^^^^^
  File "m:\Work\ITI\Courses\15. Supervised Machine Learning\Final Project\Hand-Gesture-Classification\hand_gesture_venv\Lib\site-packages\mlflow\data\pandas_dataset.py", line 224, in from_pandas
    return PandasDataset(
           ^^^^^^^^^^^^^^
  File "m:\Work\ITI\Courses\15. Supervised Machine Learning\Final Project\Hand-Gesture-Classification\hand_gesture_venv\Lib\site-packages\mlflow\data\pandas_dataset.py", line 48, in __init__
    if targets is not None and targets not in df.columns:
                               ^^^^^^^^^^^^^^^^^^^^^^^^^
  File "m:\Work\ITI\Courses\15. Supervised Machine Learning\Final Project\Hand-Gesture-Classification\hand_gesture_venv\Lib\site-packages\pandas\core\indexes\base.py", line 5370, in __contains__
    hash(key)
TypeError: unhashable type: 'numpy.ndarray'

2026-02-27 05:16:08 | INFO | ===== Final Training (Last Model Standing Phase): LightGBM =====
2026-02-27 05:16:08 | INFO | Fitting LightGBM on concatenated training set

2026-02-27 05:16:13 | INFO | Predicting with LightGBM on testing set to get testing metrics

2026-02-27 05:16:13 | INFO | LightGBM Test F1-Macro: 0.9843
2026-02-27 05:16:13 | INFO | Plotting CM and CR for LightGBM on Testing Set

2026-02-27 05:16:14 | INFO | Logging final run for LightGBM
2026-02-27 05:16:16 | ERROR | LightGBM failed during training in the last model stadning phase
2026-02-27 05:16:16 | ERROR | Traceback (most recent call last):
  File "C:\Users\Ahmed\AppData\Local\Temp\ipykernel_11868\2892377824.py", line 54, in <module>
    mll.log_final_run(
  File "m:\Work\ITI\Courses\15. Supervised Machine Learning\Final Project\Hand-Gesture-Classification\mlflow_logging.py", line 115, in log_final_run
    dataset = mlflow.data.from_pandas(test_df, targets="target", name=f"{model_name}_Test")
              ^^^^^^^^^^^^^^^^^^^^^^^^^^^^^^^^^^^^^^^^^^^^^^^^^^^^^^^^^^^^^^^^^^^^^^^^^^^
  File "m:\Work\ITI\Courses\15. Supervised Machine Learning\Final Project\Hand-Gesture-Classification\hand_gesture_venv\Lib\site-packages\mlflow\data\pandas_dataset.py", line 224, in from_pandas
    return PandasDataset(
           ^^^^^^^^^^^^^^
  File "m:\Work\ITI\Courses\15. Supervised Machine Learning\Final Project\Hand-Gesture-Classification\hand_gesture_venv\Lib\site-packages\mlflow\data\pandas_dataset.py", line 48, in __init__
    if targets is not None and targets not in df.columns:
                               ^^^^^^^^^^^^^^^^^^^^^^^^^
  File "m:\Work\ITI\Courses\15. Supervised Machine Learning\Final Project\Hand-Gesture-Classification\hand_gesture_venv\Lib\site-packages\pandas\core\indexes\base.py", line 5370, in __contains__
    hash(key)
TypeError: unhashable type: 'numpy.ndarray'

2026-02-27 05:16:16 | INFO | Finished training + testing for last standing models phase.
2026-02-27 05:18:02 | INFO | === Starting Last Model Standing Phase === 
2026-02-27 05:18:02 | INFO | ===== Final Training (Last Model Standing Phase): XGBoost =====
2026-02-27 05:18:02 | INFO | Fitting XGBoost on concatenated training set

2026-02-27 05:18:19 | INFO | Predicting with XGBoost on testing set to get testing metrics

2026-02-27 05:18:19 | INFO | XGBoost Test F1-Macro: 0.9814
2026-02-27 05:18:19 | INFO | Plotting CM and CR for XGBoost on Testing Set

2026-02-27 05:18:20 | INFO | Logging final run for XGBoost
2026-02-27 05:18:22 | ERROR | XGBoost failed during training in the last model stadning phase
2026-02-27 05:18:22 | ERROR | Traceback (most recent call last):
  File "C:\Users\Ahmed\AppData\Local\Temp\ipykernel_11868\4131135492.py", line 54, in <module>
    mll.log_final_run(
  File "m:\Work\ITI\Courses\15. Supervised Machine Learning\Final Project\Hand-Gesture-Classification\mlflow_logging.py", line 115, in log_final_run
    dataset = mlflow.data.from_pandas(test_df, targets="target", name=f"{model_name}_Test")
              ^^^^^^^^^^^^^^^^^^^^^^^^^^^^^^^^^^^^^^^^^^^^^^^^^^^^^^^^^^^^^^^^^^^^^^^^^^^
  File "m:\Work\ITI\Courses\15. Supervised Machine Learning\Final Project\Hand-Gesture-Classification\hand_gesture_venv\Lib\site-packages\mlflow\data\pandas_dataset.py", line 224, in from_pandas
    return PandasDataset(
           ^^^^^^^^^^^^^^
  File "m:\Work\ITI\Courses\15. Supervised Machine Learning\Final Project\Hand-Gesture-Classification\hand_gesture_venv\Lib\site-packages\mlflow\data\pandas_dataset.py", line 48, in __init__
    if targets is not None and targets not in df.columns:
                               ^^^^^^^^^^^^^^^^^^^^^^^^^
  File "m:\Work\ITI\Courses\15. Supervised Machine Learning\Final Project\Hand-Gesture-Classification\hand_gesture_venv\Lib\site-packages\pandas\core\indexes\base.py", line 5370, in __contains__
    hash(key)
TypeError: unhashable type: 'Series'

2026-02-27 05:18:22 | INFO | ===== Final Training (Last Model Standing Phase): LightGBM =====
2026-02-27 05:18:22 | INFO | Fitting LightGBM on concatenated training set

2026-02-27 05:18:27 | INFO | Predicting with LightGBM on testing set to get testing metrics

2026-02-27 05:18:27 | INFO | LightGBM Test F1-Macro: 0.9843
2026-02-27 05:18:27 | INFO | Plotting CM and CR for LightGBM on Testing Set

2026-02-27 05:18:29 | INFO | Logging final run for LightGBM
2026-02-27 05:18:31 | ERROR | LightGBM failed during training in the last model stadning phase
2026-02-27 05:18:31 | ERROR | Traceback (most recent call last):
  File "C:\Users\Ahmed\AppData\Local\Temp\ipykernel_11868\4131135492.py", line 54, in <module>
    mll.log_final_run(
  File "m:\Work\ITI\Courses\15. Supervised Machine Learning\Final Project\Hand-Gesture-Classification\mlflow_logging.py", line 115, in log_final_run
    dataset = mlflow.data.from_pandas(test_df, targets="target", name=f"{model_name}_Test")
              ^^^^^^^^^^^^^^^^^^^^^^^^^^^^^^^^^^^^^^^^^^^^^^^^^^^^^^^^^^^^^^^^^^^^^^^^^^^
  File "m:\Work\ITI\Courses\15. Supervised Machine Learning\Final Project\Hand-Gesture-Classification\hand_gesture_venv\Lib\site-packages\mlflow\data\pandas_dataset.py", line 224, in from_pandas
    return PandasDataset(
           ^^^^^^^^^^^^^^
  File "m:\Work\ITI\Courses\15. Supervised Machine Learning\Final Project\Hand-Gesture-Classification\hand_gesture_venv\Lib\site-packages\mlflow\data\pandas_dataset.py", line 48, in __init__
    if targets is not None and targets not in df.columns:
                               ^^^^^^^^^^^^^^^^^^^^^^^^^
  File "m:\Work\ITI\Courses\15. Supervised Machine Learning\Final Project\Hand-Gesture-Classification\hand_gesture_venv\Lib\site-packages\pandas\core\indexes\base.py", line 5370, in __contains__
    hash(key)
TypeError: unhashable type: 'Series'

2026-02-27 05:18:31 | INFO | Finished training + testing for last standing models phase.
2026-02-27 05:20:49 | INFO | === Starting Last Model Standing Phase === 
2026-02-27 05:20:49 | INFO | ===== Final Training (Last Model Standing Phase): XGBoost =====
2026-02-27 05:20:49 | INFO | Fitting XGBoost on concatenated training set

2026-02-27 05:21:05 | INFO | Predicting with XGBoost on testing set to get testing metrics

2026-02-27 05:21:05 | INFO | XGBoost Test F1-Macro: 0.9814
2026-02-27 05:21:05 | INFO | Plotting CM and CR for XGBoost on Testing Set

2026-02-27 05:21:07 | INFO | Logging final run for XGBoost
2026-02-27 05:21:15 | INFO | Finished XGBoost

2026-02-27 05:21:15 | INFO | ===== Final Training (Last Model Standing Phase): LightGBM =====
2026-02-27 05:21:15 | INFO | Fitting LightGBM on concatenated training set

2026-02-27 05:21:21 | INFO | Predicting with LightGBM on testing set to get testing metrics

2026-02-27 05:21:21 | INFO | LightGBM Test F1-Macro: 0.9843
2026-02-27 05:21:21 | INFO | Plotting CM and CR for LightGBM on Testing Set

2026-02-27 05:21:23 | INFO | Logging final run for LightGBM
2026-02-27 05:21:30 | INFO | Finished LightGBM

2026-02-27 05:21:30 | INFO | Finished training + testing for last standing models phase.
2026-02-27 05:26:14 | INFO | === Starting Last Model Standing Phase === 
2026-02-27 05:26:14 | INFO | ===== Final Training (Last Model Standing Phase): XGBoost =====
2026-02-27 05:26:14 | INFO | Fitting XGBoost on concatenated training set

2026-02-27 05:26:29 | INFO | Predicting with XGBoost on testing set to get testing metrics

2026-02-27 05:26:29 | INFO | XGBoost Test F1-Macro: 0.9814
2026-02-27 05:26:29 | INFO | Plotting CM and CR for XGBoost on Testing Set

2026-02-27 05:26:31 | INFO | Logging final run for XGBoost
2026-02-27 05:26:37 | INFO | Finished XGBoost

2026-02-27 05:26:37 | INFO | ===== Final Training (Last Model Standing Phase): LightGBM =====
2026-02-27 05:26:37 | INFO | Fitting LightGBM on concatenated training set

2026-02-27 05:26:42 | INFO | Predicting with LightGBM on testing set to get testing metrics

2026-02-27 05:26:42 | INFO | LightGBM Test F1-Macro: 0.9843
2026-02-27 05:26:42 | INFO | Plotting CM and CR for LightGBM on Testing Set

2026-02-27 05:26:43 | INFO | Logging final run for LightGBM
2026-02-27 05:26:50 | INFO | Finished LightGBM

2026-02-27 05:26:50 | INFO | Finished training + testing for last standing models phase.
